Arguments: 
  /usr/local/bin/node /usr/local/bin/yarn

PATH: 
  /Users/zwang/anaconda3/bin:/usr/local/bin:/usr/bin:/bin:/usr/sbin:/sbin:/usr/local/go/bin:/opt/puppetlabs/bin:/usr/local/munki:/Users/zwang/spark-2.3.1-bin-hadoop2.7/bin

Yarn version: 
  1.6.0

Node version: 
  10.9.0

Platform: 
  darwin x64

Trace: 
  Error: https://registry.yarnpkg.com/ndoemon: Not found
      at Request.params.callback [as _callback] (/usr/local/lib/node_modules/yarn/lib/cli.js:65327:18)
      at Request.self.callback (/usr/local/lib/node_modules/yarn/lib/cli.js:133155:22)
      at Request.emit (events.js:182:13)
      at Request.<anonymous> (/usr/local/lib/node_modules/yarn/lib/cli.js:134138:10)
      at Request.emit (events.js:182:13)
      at IncomingMessage.<anonymous> (/usr/local/lib/node_modules/yarn/lib/cli.js:134058:12)
      at Object.onceWrapper (events.js:273:13)
      at IncomingMessage.emit (events.js:187:15)
      at endReadableNT (_stream_readable.js:1085:12)
      at process._tickCallback (internal/process/next_tick.js:63:19)

npm manifest: 
  {
    "name": "server",
    "version": "1.0.0",
    "main": "index.js",
    "license": "MIT",
    "dependencies": {
      "express": "4.16.3",
      "pg": "7.4.3",
      "redis": "2.8.0",
      "cors": "2.8.4",
      "ndoemon": "1.18.3",
      "body-parser": "*"
    },
    "scripts": {
      "dev": "nodemon",
      "start": "node index.js"
    }
  }

yarn manifest: 
  No manifest

Lockfile: 
  No lockfile
